{
  "RSpec": {
    "coverage": {
      "/Users/emmaspencer/Code/rubygems/nypl-collections/lib/nypl_collections.rb": [
        1,
        null,
        1,
        1,
        null,
        1,
        5,
        null,
        null,
        1,
        2,
        2,
        null,
        null,
        1,
        0,
        null,
        null,
        null
      ],
      "/Users/emmaspencer/Code/rubygems/nypl-collections/lib/nypl_collections/client.rb": [
        1,
        1,
        1,
        1,
        1,
        1,
        null,
        1,
        1,
        1,
        1,
        null,
        1,
        1,
        null,
        1,
        3,
        null,
        null,
        1,
        4,
        1,
        null,
        null,
        1,
        2,
        2,
        2,
        null,
        2,
        null,
        2,
        1,
        1,
        null,
        null,
        2,
        4,
        null,
        null,
        2,
        null,
        null,
        null,
        null,
        null,
        1,
        1,
        1,
        1,
        1,
        null,
        1,
        null,
        1,
        null,
        null,
        null,
        null,
        null,
        null,
        1,
        null,
        null,
        1,
        null,
        null,
        1,
        null,
        null,
        null,
        null,
        null,
        null,
        null,
        null,
        null,
        null,
        null,
        1
      ],
      "/Users/emmaspencer/Code/rubygems/nypl-collections/lib/nypl_collections/configuration.rb": [
        1,
        1,
        null,
        1,
        null,
        1,
        2,
        null,
        null,
        1,
        3,
        3,
        null,
        null,
        null
      ],
      "/Users/emmaspencer/Code/rubygems/nypl-collections/spec/nypl_collections/configuration_spec.rb": [
        null
      ],
      "/Users/emmaspencer/Code/rubygems/nypl-collections/spec/nypl_collections_spec.rb": [
        1,
        null,
        1,
        1,
        1,
        1,
        null,
        null,
        null,
        1,
        1,
        1,
        1,
        null,
        null,
        1,
        null,
        null,
        null
      ]
    },
    "timestamp": 1386350780
  }
}
